#
# A fatal error has been detected by the Java Runtime Environment:
#
#  Internal Error (javaClasses.cpp:129), pid=11980, tid=9864
#  fatal error: Invalid layout of preloaded class
#
# JRE version: 7.0_25-b17
# Java VM: Java HotSpot(TM) 64-Bit Server VM (23.25-b01 mixed mode windows-amd64 compressed oops)
# Failed to write core dump. Minidumps are not enabled by default on client versions of Windows
#
# If you would like to submit a bug report, please visit:
#   http://bugreport.sun.com/bugreport/crash.jsp
#

---------------  T H R E A D  ---------------

Current thread (0x000000000049d000):  JavaThread "Unknown thread" [_thread_in_vm, id=9864, stack(0x00000000026d0000,0x00000000027d0000)]

Stack: [0x00000000026d0000,0x00000000027d0000]

---------------  P R O C E S S  ---------------

Java Threads: ( => current thread )

Other Threads:

=>0x000000000049d000 (exited) JavaThread "Unknown thread" [_thread_in_vm, id=9864, stack(0x00000000026d0000,0x00000000027d0000)]

VM state:not at safepoint (not fully initialized)

VM Mutex/Monitor currently owned by a thread: None

GC Heap History (0 events):
No events

Deoptimization events (0 events):
No events

Internal exceptions (0 events):
No events

Events (10 events):
Event: 0.012 loading class 0x000000000240f5a0 done
Event: 0.012 loading class 0x00000000023d2c10 done
Event: 0.012 loading class 0x00000000023d2be0
Event: 0.012 loading class 0x000000000241d590
Event: 0.012 loading class 0x000000000241d590 done
Event: 0.012 loading class 0x000000000241d5d0
Event: 0.013 loading class 0x000000000241d5d0 done
Event: 0.013 loading class 0x0000000008a7e1a0
Event: 0.013 loading class 0x0000000008a7e1a0 done
Event: 0.013 loading class 0x00000000023d2be0 done


Dynamic libraries:
0x000000013fed0000 - 0x000000013ff03000 	C:\Program Files\Java\jre7\bin\javaw.exe
0x0000000077060000 - 0x0000000077209000 	C:\Windows\SYSTEM32\ntdll.dll
0x0000000076e40000 - 0x0000000076f5f000 	C:\Windows\system32\kernel32.dll
0x000007fefd5f0000 - 0x000007fefd65b000 	C:\Windows\system32\KERNELBASE.dll
0x000007fefee10000 - 0x000007fefeeeb000 	C:\Windows\system32\ADVAPI32.dll
0x000007feff1f0000 - 0x000007feff28f000 	C:\Windows\system32\msvcrt.dll
0x000007fefeef0000 - 0x000007fefef0f000 	C:\Windows\SYSTEM32\sechost.dll
0x000007fefea90000 - 0x000007fefebbd000 	C:\Windows\system32\RPCRT4.dll
0x0000000076f60000 - 0x000000007705a000 	C:\Windows\system32\USER32.dll
0x000007fefebf0000 - 0x000007fefec57000 	C:\Windows\system32\GDI32.dll
0x000007feff040000 - 0x000007feff04e000 	C:\Windows\system32\LPK.dll
0x000007fefef10000 - 0x000007fefefd9000 	C:\Windows\system32\USP10.dll
0x000007fefbd90000 - 0x000007fefbf84000 	C:\Windows\WinSxS\amd64_microsoft.windows.common-controls_6595b64144ccf1df_6.0.7601.17514_none_fa396087175ac9ac\COMCTL32.dll
0x000007fefe620000 - 0x000007fefe691000 	C:\Windows\system32\SHLWAPI.dll
0x000007fefebc0000 - 0x000007fefebee000 	C:\Windows\system32\IMM32.DLL
0x000007fefed00000 - 0x000007fefee09000 	C:\Windows\system32\MSCTF.dll
0x000000006b350000 - 0x000000006b421000 	C:\Program Files\Java\jre7\bin\msvcr100.dll
0x00000000604f0000 - 0x0000000060bff000 	C:\Program Files\Java\jre7\bin\server\jvm.dll
0x000007feefbd0000 - 0x000007feefbd9000 	C:\Windows\system32\WSOCK32.dll
0x000007fefefe0000 - 0x000007feff02d000 	C:\Windows\system32\WS2_32.dll
0x000007feff030000 - 0x000007feff038000 	C:\Windows\system32\NSI.dll
0x000007fef96b0000 - 0x000007fef96eb000 	C:\Windows\system32\WINMM.dll
0x0000000077230000 - 0x0000000077237000 	C:\Windows\system32\PSAPI.DLL
0x0000000074070000 - 0x000000007407f000 	C:\Program Files\Java\jre7\bin\verify.dll
0x0000000073f10000 - 0x0000000073f38000 	C:\Program Files\Java\jre7\bin\java.dll
0x0000000073ef0000 - 0x0000000073f05000 	C:\Program Files\Java\jre7\bin\zip.dll

VM Arguments:
jvm_args: -ea -Dfile.encoding=GBK -Xbootclasspath:C:\Users\Ann\Desktop\HOKIES\VTFall2013\CS2114\adt-bundle-windows-x86_64-20130729\sdk\platforms\android-18\android.jar 
java_command: org.eclipse.jdt.internal.junit.runner.RemoteTestRunner -version 3 -port 51272 -testLoaderClass org.eclipse.jdt.internal.junit.runner.junit3.JUnit3TestLoader -loaderpluginname org.eclipse.jdt.junit.runtime -classNames cs2114.aircraftbattle.AircraftBattleScreenTest
Launcher Type: SUN_STANDARD

Environment Variables:
PATH=C:\Program Files\Common Files\Microsoft Shared\Windows Live;C:\Program Files (x86)\Common Files\Microsoft Shared\Windows Live;C:\Program Files (x86)\Intel\iCLS Client\;C:\Program Files\Intel\iCLS Client\;C:\Windows\system32;C:\Windows;C:\Windows\System32\Wbem;C:\Windows\System32\WindowsPowerShell\v1.0\;C:\Program Files\Intel\WiFi\bin\;C:\Program Files\Common Files\Intel\WirelessCommon\;C:\Program Files\Intel\Intel(R) Management Engine Components\DAL;C:\Program Files\Intel\Intel(R) Management Engine Components\IPT;C:\Program Files (x86)\Intel\Intel(R) Management Engine Components\DAL;C:\Program Files (x86)\Intel\Intel(R) Management Engine Components\IPT;C:\Program Files (x86)\Intel\OpenCL SDK\2.0\bin\x86;C:\Program Files (x86)\Intel\OpenCL SDK\2.0\bin\x64;C:\Program Files\Common Files\Lenovo;C:\Program Files (x86)\Windows Live\Shared;C:\SWTOOLS\ReadyApps;C:\Program Files (x86)\Symantec\VIP Access Client\;C:\Program Files (x86)\Common Files\Lenovo;C:\Program Files\MATLAB\R2013a\bin
USERNAME=Ann
OS=Windows_NT
PROCESSOR_IDENTIFIER=Intel64 Family 6 Model 58 Stepping 9, GenuineIntel



---------------  S Y S T E M  ---------------

OS: Windows 7 , 64 bit Build 7601 Service Pack 1

CPU:total 4 (2 cores per cpu, 2 threads per core) family 6 model 58 stepping 9, cmov, cx8, fxsr, mmx, sse, sse2, sse3, ssse3, sse4.1, sse4.2, popcnt, avx, ht, tsc, tscinvbit, tscinv

Memory: 4k page, physical 3882800k(890764k free), swap 7763740k(2663208k free)

vm_info: Java HotSpot(TM) 64-Bit Server VM (23.25-b01) for windows-amd64 JRE (1.7.0_25-b17), built on Jun 21 2013 12:58:32 by "java_re" with unknown MS VC++:1600

time: Fri Dec 06 11:02:36 2013
elapsed time: 0 seconds

